<?xml version="1.0" encoding="UTF-8"?>
<testsuite xmlns:xsi="http://www.w3.org/2001/XMLSchema-instance" xsi:noNamespaceSchemaLocation="https://maven.apache.org/surefire/maven-surefire-plugin/xsd/surefire-test-report-3.0.xsd" version="3.0" name="com.fa.api.PingControllerTest" time="3.222" tests="1" errors="0" skipped="0" failures="0">
  <properties>
[...]
</properties>
  <testcase name="ping_returns_pong" classname="com.fa.api.PingControllerTest" time="0.967">
    <system-out><![CDATA[13:12:34.046 [main] INFO org.springframework.test.context.support.AnnotationConfigContextLoaderUtils -- Could not detect default configuration classes for test class [com.fa.api.PingControllerTest]: PingControllerTest does not declare any static, non-private, non-final, nested classes annotated with @Configuration.
13:12:34.180 [main] INFO org.springframework.boot.test.context.SpringBootTestContextBootstrapper -- Found @SpringBootConfiguration com.fa.api.ApiApplication for test class com.fa.api.PingControllerTest

  .   ____          _            __ _ _
 /\\ / ___'_ __ _ _(_)_ __  __ _ \ \ \ \
( ( )\___ | '_ | '_| | '_ \/ _` | \ \ \ \
 \\/  ___)| |_)| | | | | || (_| |  ) ) ) )
  '  |____| .__|_| |_|_| |_\__, | / / / /
 =========|_|==============|___/=/_/_/_/

 :: Spring Boot ::                (v3.3.2)

2025-09-19T13:12:34.644+02:00  INFO 25820 --- [           main] com.fa.api.PingControllerTest            : Starting PingControllerTest using Java 17.0.14 with PID 25820 (started by tomn in C:\Users\tomn\financial-advisor-ml\advisor-api)
2025-09-19T13:12:34.645+02:00  INFO 25820 --- [           main] com.fa.api.PingControllerTest            : No active profile set, falling back to 1 default profile: "default"
2025-09-19T13:12:36.113+02:00  INFO 25820 --- [           main] com.fa.api.PingControllerTest            : Started PingControllerTest in 1.77 seconds (process running for 2.72)
]]></system-out>
  </testcase>
</testsuite>